Thu Jun 11 11:22:49 2015
Create Relation ADR_CONTROL
Create Relation INC_METER_IMPT_DEF
Create Relation INC_METER_PK_IMPTS
Directory does not exist for read/write [/util/oracle/product/current/client_1/log] []
Thu Jun 11 11:23:34 2015
Directory does not exist for read/write [/util/oracle/product/current/client_1/log] []
Thu Jun 11 11:24:32 2015
Directory does not exist for read/write [/util/oracle/product/current/client_1/log] []
Thu Jun 11 11:27:07 2015
Directory does not exist for read/write [/util/oracle/product/current/client_1/log] []
Thu Jun 11 11:31:45 2015
Directory does not exist for read/write [/util/oracle/product/current/client_1/log] []
Tue Jun 16 11:49:05 2015
Directory does not exist for read/write [/util/oracle/product/current/client_1/log] []
Tue Jun 16 11:49:34 2015
Directory does not exist for read/write [/util/oracle/product/current/client_1/log] []
Tue Jun 16 11:50:10 2015
Directory does not exist for read/write [/util/oracle/product/current/client_1/log] []
Tue Jun 16 11:50:34 2015
Directory does not exist for read/write [/util/oracle/product/current/client_1/log] []
Tue Jun 16 11:51:11 2015
Directory does not exist for read/write [/util/oracle/product/current/client_1/log] []
Tue Jun 16 11:52:13 2015
Directory does not exist for read/write [/util/oracle/product/current/client_1/log] []
Thu Jun 18 12:04:45 2015
Directory does not exist for read/write [/util/oracle/product/current/client_1/log] []
Thu Jun 18 12:06:05 2015
Directory does not exist for read/write [/util/oracle/product/current/client_1/log] []
